<?xml version="1.0" encoding="UTF-8"?>
<!-- Generated by org.testng.reporters.JUnitXMLReporter -->
<testsuite ignored="0" hostname="LAPTOP-V7M1F0GS" failures="0" tests="4" name="Default test" time="87.397" errors="0" timestamp="2024-02-02T11:20:47 IST">
  <testcase classname="com.evs.runner.Runner" name="Test" time="21.828"/>
  <testcase classname="com.evs.runner.Runner" name="createAccountTest" time="18.174"/>
  <testcase classname="com.evs.runner.Runner" name="marketingVerificationtest" time="17.76"/>
  <testcase classname="com.evs.runner.Runner" name="salesText" time="29.117"/>
</testsuite> <!-- Default test -->
