<?xml version="1.0" encoding="UTF-8"?>
<!-- Generated by org.testng.reporters.JUnitXMLReporter -->
<testsuite ignored="0" hostname="LAPTOP-V7M1F0GS" failures="0" tests="4" name="VtigerTest" time="95.693" errors="0" timestamp="2024-02-05T19:50:32 IST">
  <testcase classname="com.evs.runner.Runner" name="Test" time="47.718"/>
  <testcase classname="com.evs.runner.Runner" name="marketingVerificationtest" time="11.895"/>
  <testcase classname="com.evs.runner.Runner" name="createAccountTest" time="15.021"/>
  <testcase classname="com.evs.runner.Runner" name="salesText" time="20.376"/>
</testsuite> <!-- VtigerTest -->
