<?xml version="1.0" encoding="UTF-8"?>
<testng-results ignored="0" total="1" passed="1" failed="0" skipped="0">
  <reporter-output>
  </reporter-output>
  <suite started-at="2024-02-02T10:18:55 IST" name="Default suite" finished-at="2024-02-02T10:19:56 IST" duration-ms="61018">
    <groups>
    </groups>
    <test started-at="2024-02-02T10:18:55 IST" name="Default test" finished-at="2024-02-02T10:19:56 IST" duration-ms="61018">
      <class name="com.evs.runner.Runner">
        <test-method signature="Test()[pri:0, instance:com.evs.runner.Runner@5a45133e]" started-at="2024-02-02T10:18:55 IST" name="Test" finished-at="2024-02-02T10:19:56 IST" duration-ms="60935" status="PASS">
          <reporter-output>
          </reporter-output>
        </test-method> <!-- Test -->
      </class> <!-- com.evs.runner.Runner -->
    </test> <!-- Default test -->
  </suite> <!-- Default suite -->
</testng-results>
