<?xml version="1.0" encoding="UTF-8"?>
<!-- Generated by org.testng.reporters.JUnitXMLReporter -->
<testsuite ignored="0" hostname="LAPTOP-V7M1F0GS" failures="0" tests="4" name="VtigerTest" time="84.023" errors="0" timestamp="2024-02-05T20:06:49 IST">
  <testcase classname="com.evs.runner.Runner" name="Test" time="22.097"/>
  <testcase classname="com.evs.runner.Runner" name="marketingVerificationtest" time="19.98"/>
  <testcase classname="com.evs.runner.Runner" name="createAccountTest" time="18.534"/>
  <testcase classname="com.evs.runner.Runner" name="salesText" time="22.784"/>
</testsuite> <!-- VtigerTest -->
